#
# There is insufficient memory for the Java Runtime Environment to continue.
# Native memory allocation (malloc) failed to allocate 32744 bytes for ChunkPool::allocate
# Possible reasons:
#   The system is out of physical RAM or swap space
#   The process is running with CompressedOops enabled, and the Java Heap may be blocking the growth of the native heap
# Possible solutions:
#   Reduce memory load on the system
#   Increase physical memory or swap space
#   Check if swap backing store is full
#   Decrease Java heap size (-Xmx/-Xms)
#   Decrease number of Java threads
#   Decrease Java thread stack sizes (-Xss)
#   Set larger code cache with -XX:ReservedCodeCacheSize=
#   JVM is running with Unscaled Compressed Oops mode in which the Java heap is
#     placed in the first 4GB address space. The Java Heap base address is the
#     maximum limit for the native heap growth. Please use -XX:HeapBaseMinAddress
#     to set the Java Heap base and to place the Java Heap above 4GB virtual address.
# This output file may be truncated or incomplete.
#
#  Out of Memory Error (./src/hotspot/share/memory/arena.cpp:81), pid=1516, tid=12672
#
# JRE version: OpenJDK Runtime Environment (11.0.11+9) (build 11.0.11+9-b60-7590822)
# Java VM: OpenJDK 64-Bit Server VM (11.0.11+9-b60-7590822, mixed mode, tiered, compressed oops, g1 gc, windows-amd64)
# No core dump will be written. Minidumps are not enabled by default on client versions of Windows
#

---------------  S U M M A R Y ------------

Command Line: --add-opens=java.base/java.util=ALL-UNNAMED --add-opens=java.base/java.lang=ALL-UNNAMED --add-opens=java.base/java.lang.invoke=ALL-UNNAMED --add-opens=java.base/java.util=ALL-UNNAMED --add-opens=java.prefs/java.util.prefs=ALL-UNNAMED --add-opens=java.prefs/java.util.prefs=ALL-UNNAMED --add-opens=java.base/java.nio.charset=ALL-UNNAMED --add-opens=java.base/java.net=ALL-UNNAMED --add-opens=java.base/java.util.concurrent.atomic=ALL-UNNAMED -Xmx2048m -Dfile.encoding=UTF-8 -Duser.country=ES -Duser.language=es -Duser.variant org.gradle.launcher.daemon.bootstrap.GradleDaemon 7.2

Host: Intel(R) Core(TM) i7-5500U CPU @ 2.40GHz, 4 cores, 11G,  Windows 10 , 64 bit Build 19041 (10.0.19041.1741)
Time: Wed Jun 29 19:32:35 2022 Hora de verano romance elapsed time: 28.081288 seconds (0d 0h 0m 28s)

---------------  T H R E A D  ---------------

Current thread (0x000002c480a5b800):  JavaThread "C2 CompilerThread0" daemon [_thread_in_native, id=12672, stack(0x000000e22cf00000,0x000000e22d000000)]


Current CompileTask:
C2:  28081 2913   !   4       jdk.internal.loader.URLClassPath$JarLoader::getResource (353 bytes)

Stack: [0x000000e22cf00000,0x000000e22d000000]
Native frames: (J=compiled Java code, j=interpreted, Vv=VM code, C=native code)
V  [jvm.dll+0x5f214a]
V  [jvm.dll+0x726fb5]
V  [jvm.dll+0x7285cd]
V  [jvm.dll+0x728c83]
V  [jvm.dll+0x243278]
V  [jvm.dll+0xbc78b]
V  [jvm.dll+0xbca3c]
V  [jvm.dll+0x6ad44d]
V  [jvm.dll+0x50394b]
V  [jvm.dll+0x5037eb]
V  [jvm.dll+0x501181]
V  [jvm.dll+0x500fbb]
V  [jvm.dll+0x500f36]
V  [jvm.dll+0x501007]
V  [jvm.dll+0x508a58]
V  [jvm.dll+0x203d53]
V  [jvm.dll+0x1fdbac]
V  [jvm.dll+0x1fb35f]
V  [jvm.dll+0x183d6c]
V  [jvm.dll+0x209a57]
V  [jvm.dll+0x2082a1]
V  [jvm.dll+0x6ef58f]
V  [jvm.dll+0x6e80b5]
V  [jvm.dll+0x5f1036]
C  [ucrtbase.dll+0x21bb2]
C  [KERNEL32.DLL+0x17034]
C  [ntdll.dll+0x52651]


---------------  P R O C E S S  ---------------

Threads class SMR info:
_java_thread_list=0x000002c481c41320, length=30, elements={
0x000002c4e45bc000, 0x000002c4801df800, 0x000002c4801eb800, 0x000002c480a4f800,
0x000002c480a52000, 0x000002c480a54800, 0x000002c480a5b800, 0x000002c480a5f000,
0x000002c480a66000, 0x000002c480bbb800, 0x000002c482bb2800, 0x000002c480ce5000,
0x000002c482611000, 0x000002c482ce8800, 0x000002c483cf7000, 0x000002c4833a2000,
0x000002c482ef6000, 0x000002c482b3e800, 0x000002c482ef7000, 0x000002c4810ad800,
0x000002c4810ae000, 0x000002c4810ac800, 0x000002c4810af000, 0x000002c484025000,
0x000002c484024800, 0x000002c48402b000, 0x000002c484028800, 0x000002c484026000,
0x000002c48402c800, 0x000002c48402c000
}

Java Threads: ( => current thread )
  0x000002c4e45bc000 JavaThread "main" [_thread_blocked, id=9276, stack(0x000000e22c300000,0x000000e22c400000)]
  0x000002c4801df800 JavaThread "Reference Handler" daemon [_thread_blocked, id=8368, stack(0x000000e22ca00000,0x000000e22cb00000)]
  0x000002c4801eb800 JavaThread "Finalizer" daemon [_thread_blocked, id=10188, stack(0x000000e22cb00000,0x000000e22cc00000)]
  0x000002c480a4f800 JavaThread "Signal Dispatcher" daemon [_thread_blocked, id=9320, stack(0x000000e22cc00000,0x000000e22cd00000)]
  0x000002c480a52000 JavaThread "Attach Listener" daemon [_thread_blocked, id=11568, stack(0x000000e22cd00000,0x000000e22ce00000)]
  0x000002c480a54800 JavaThread "Service Thread" daemon [_thread_blocked, id=10588, stack(0x000000e22ce00000,0x000000e22cf00000)]
=>0x000002c480a5b800 JavaThread "C2 CompilerThread0" daemon [_thread_in_native, id=12672, stack(0x000000e22cf00000,0x000000e22d000000)]
  0x000002c480a5f000 JavaThread "C1 CompilerThread0" daemon [_thread_in_native, id=3524, stack(0x000000e22d000000,0x000000e22d100000)]
  0x000002c480a66000 JavaThread "Sweeper thread" daemon [_thread_blocked, id=10964, stack(0x000000e22d100000,0x000000e22d200000)]
  0x000002c480bbb800 JavaThread "Common-Cleaner" daemon [_thread_blocked, id=11792, stack(0x000000e22d200000,0x000000e22d300000)]
  0x000002c482bb2800 JavaThread "Daemon health stats" [_thread_blocked, id=13048, stack(0x000000e22d800000,0x000000e22d900000)]
  0x000002c480ce5000 JavaThread "Incoming local TCP Connector on port 50709" [_thread_in_native, id=12032, stack(0x000000e22d400000,0x000000e22d500000)]
  0x000002c482611000 JavaThread "Daemon periodic checks" [_thread_blocked, id=9904, stack(0x000000e22d900000,0x000000e22da00000)]
  0x000002c482ce8800 JavaThread "Daemon" [_thread_blocked, id=11824, stack(0x000000e22da00000,0x000000e22db00000)]
  0x000002c483cf7000 JavaThread "Handler for socket connection from /127.0.0.1:50709 to /127.0.0.1:50710" [_thread_in_native, id=13132, stack(0x000000e22db00000,0x000000e22dc00000)]
  0x000002c4833a2000 JavaThread "Cancel handler" [_thread_blocked, id=3708, stack(0x000000e22dc00000,0x000000e22dd00000)]
  0x000002c482ef6000 JavaThread "Daemon worker" [_thread_in_native, id=3508, stack(0x000000e22dd00000,0x000000e22de00000)]
  0x000002c482b3e800 JavaThread "Asynchronous log dispatcher for DefaultDaemonConnection: socket connection from /127.0.0.1:50709 to /127.0.0.1:50710" [_thread_blocked, id=6796, stack(0x000000e22de00000,0x000000e22df00000)]
  0x000002c482ef7000 JavaThread "Stdin handler" [_thread_blocked, id=12016, stack(0x000000e22df00000,0x000000e22e000000)]
  0x000002c4810ad800 JavaThread "Daemon client event forwarder" [_thread_blocked, id=1476, stack(0x000000e22e000000,0x000000e22e100000)]
  0x000002c4810ae000 JavaThread "Cache worker for journal cache (C:\Users\adolf\gradle\caches\journal-1)" [_thread_blocked, id=12540, stack(0x000000e22e100000,0x000000e22e200000)]
  0x000002c4810ac800 JavaThread "File lock request listener" [_thread_in_native, id=12716, stack(0x000000e22e200000,0x000000e22e300000)]
  0x000002c4810af000 JavaThread "Cache worker for file hash cache (C:\Users\adolf\gradle\caches\7.2\fileHashes)" [_thread_blocked, id=8080, stack(0x000000e22e300000,0x000000e22e400000)]
  0x000002c484025000 JavaThread "Cache worker for file hash cache (C:\Users\adolf\AndroidStudioProjects\RedPlate\.gradle\7.2\fileHashes)" [_thread_blocked, id=11388, stack(0x000000e22e400000,0x000000e22e500000)]
  0x000002c484024800 JavaThread "File watcher server" daemon [_thread_in_native, id=11204, stack(0x000000e22e600000,0x000000e22e700000)]
  0x000002c48402b000 JavaThread "File watcher consumer" daemon [_thread_blocked, id=11612, stack(0x000000e22e700000,0x000000e22e800000)]
  0x000002c484028800 JavaThread "Cache worker for checksums cache (C:\Users\adolf\AndroidStudioProjects\RedPlate\.gradle\checksums)" [_thread_blocked, id=12104, stack(0x000000e22e500000,0x000000e22e600000)]
  0x000002c484026000 JavaThread "Cache worker for cache directory md-supplier (C:\Users\adolf\gradle\caches\7.2\md-supplier)" [_thread_blocked, id=13288, stack(0x000000e22e800000,0x000000e22e900000)]
  0x000002c48402c800 JavaThread "Cache worker for cache directory md-rule (C:\Users\adolf\gradle\caches\7.2\md-rule)" [_thread_blocked, id=12264, stack(0x000000e22e900000,0x000000e22ea00000)]
  0x000002c48402c000 JavaThread "Cache worker for execution history cache (C:\Users\adolf\gradle\caches\7.2\executionHistory)" [_thread_blocked, id=11748, stack(0x000000e22ea00000,0x000000e22eb00000)]

Other Threads:
  0x000002c4801a5800 VMThread "VM Thread" [stack: 0x000000e22c900000,0x000000e22ca00000] [id=9860]
  0x000002c480bf9800 WatcherThread [stack: 0x000000e22d300000,0x000000e22d400000] [id=12256]
  0x000002c4e45d4000 GCTaskThread "GC Thread#0" [stack: 0x000000e22c400000,0x000000e22c500000] [id=6208]
  0x000002c4817f2000 GCTaskThread "GC Thread#1" [stack: 0x000000e22d500000,0x000000e22d600000] [id=12656]
  0x000002c480f38800 GCTaskThread "GC Thread#2" [stack: 0x000000e22d600000,0x000000e22d700000] [id=11036]
  0x000002c480f39000 GCTaskThread "GC Thread#3" [stack: 0x000000e22d700000,0x000000e22d800000] [id=10596]
  0x000002c4e4609000 ConcurrentGCThread "G1 Main Marker" [stack: 0x000000e22c500000,0x000000e22c600000] [id=1276]
  0x000002c4e460a000 ConcurrentGCThread "G1 Conc#0" [stack: 0x000000e22c600000,0x000000e22c700000] [id=1676]
  0x000002c480030800 ConcurrentGCThread "G1 Refine#0" [stack: 0x000000e22c700000,0x000000e22c800000] [id=11484]
  0x000002c480031000 ConcurrentGCThread "G1 Young RemSet Sampling" [stack: 0x000000e22c800000,0x000000e22c900000] [id=7240]

Threads with active compile tasks:
C2 CompilerThread0  28351 2913   !   4       jdk.internal.loader.URLClassPath$JarLoader::getResource (353 bytes)
C1 CompilerThread0  28351 2955       3       org.codehaus.groovy.util.SingleKeyHashMap::getOrPut (137 bytes)

VM state:not at safepoint (normal execution)

VM Mutex/Monitor currently owned by a thread: None

Heap address: 0x0000000080000000, size: 2048 MB, Compressed Oops mode: 32-bit
Narrow klass base: 0x0000000000000000, Narrow klass shift: 3
Compressed class space size: 1073741824 Address: 0x0000000100000000

Heap:
 garbage-first heap   total 196608K, used 79752K [0x0000000080000000, 0x0000000100000000)
  region size 1024K, 63 young (64512K), 3 survivors (3072K)
 Metaspace       used 35078K, capacity 35849K, committed 36048K, reserved 1081344K
  class space    used 4548K, capacity 4863K, committed 4864K, reserved 1048576K
Heap Regions: E=young(eden), S=young(survivor), O=old, HS=humongous(starts), HC=humongous(continues), CS=collection set, F=free, A=archive, TAMS=top-at-mark-start (previous, next)
|   0|0x0000000080000000, 0x0000000080100000, 0x0000000080100000|100%| O|  |TAMS 0x0000000080100000, 0x0000000080000000| Untracked 
|   1|0x0000000080100000, 0x0000000080200000, 0x0000000080200000|100%| O|  |TAMS 0x0000000080200000, 0x0000000080100000| Untracked 
|   2|0x0000000080200000, 0x0000000080300000, 0x0000000080300000|100%| O|  |TAMS 0x0000000080300000, 0x0000000080200000| Untracked 
|   3|0x0000000080300000, 0x0000000080400000, 0x0000000080400000|100%|HS|  |TAMS 0x0000000080400000, 0x0000000080300000| Complete 
|   4|0x0000000080400000, 0x0000000080500000, 0x0000000080500000|100%|HC|  |TAMS 0x0000000080500000, 0x0000000080400000| Complete 
|   5|0x0000000080500000, 0x0000000080600000, 0x0000000080600000|100%|HC|  |TAMS 0x0000000080600000, 0x0000000080500000| Complete 
|   6|0x0000000080600000, 0x0000000080700000, 0x0000000080700000|100%| O|  |TAMS 0x0000000080700000, 0x0000000080600000| Untracked 
|   7|0x0000000080700000, 0x0000000080800000, 0x0000000080800000|100%| O|  |TAMS 0x0000000080800000, 0x0000000080700000| Untracked 
|   8|0x0000000080800000, 0x0000000080900000, 0x0000000080900000|100%| O|  |TAMS 0x0000000080900000, 0x0000000080800000| Untracked 
|   9|0x0000000080900000, 0x0000000080a00000, 0x0000000080a00000|100%| O|  |TAMS 0x0000000080a00000, 0x0000000080900000| Untracked 
|  10|0x0000000080a00000, 0x0000000080b00000, 0x0000000080b00000|100%| O|  |TAMS 0x0000000080b00000, 0x0000000080a00000| Untracked 
|  11|0x0000000080b00000, 0x0000000080c00000, 0x0000000080c00000|100%| O|  |TAMS 0x0000000080b53c00, 0x0000000080b00000| Untracked 
|  12|0x0000000080c00000, 0x0000000080d00000, 0x0000000080d00000|100%| O|  |TAMS 0x0000000080c00000, 0x0000000080c00000| Untracked 
|  13|0x0000000080d00000, 0x0000000080e00000, 0x0000000080e00000|100%| O|  |TAMS 0x0000000080d00000, 0x0000000080d00000| Untracked 
|  14|0x0000000080e00000, 0x0000000080f00000, 0x0000000080f00000|100%| O|  |TAMS 0x0000000080e00000, 0x0000000080e00000| Untracked 
|  15|0x0000000080f00000, 0x0000000080fffc00, 0x0000000081000000| 99%| O|  |TAMS 0x0000000080f00000, 0x0000000080f00000| Untracked 
|  16|0x0000000081000000, 0x0000000081000000, 0x0000000081100000|  0%| F|  |TAMS 0x0000000081000000, 0x0000000081000000| Untracked 
|  17|0x0000000081100000, 0x0000000081100000, 0x0000000081200000|  0%| F|  |TAMS 0x0000000081100000, 0x0000000081100000| Untracked 
|  18|0x0000000081200000, 0x0000000081200000, 0x0000000081300000|  0%| F|  |TAMS 0x0000000081200000, 0x0000000081200000| Untracked 
|  19|0x0000000081300000, 0x0000000081300000, 0x0000000081400000|  0%| F|  |TAMS 0x0000000081300000, 0x0000000081300000| Untracked 
|  20|0x0000000081400000, 0x0000000081400000, 0x0000000081500000|  0%| F|  |TAMS 0x0000000081400000, 0x0000000081400000| Untracked 
|  21|0x0000000081500000, 0x0000000081500000, 0x0000000081600000|  0%| F|  |TAMS 0x0000000081500000, 0x0000000081500000| Untracked 
|  22|0x0000000081600000, 0x0000000081600000, 0x0000000081700000|  0%| F|  |TAMS 0x0000000081600000, 0x0000000081600000| Untracked 
|  23|0x0000000081700000, 0x0000000081700000, 0x0000000081800000|  0%| F|  |TAMS 0x0000000081700000, 0x0000000081700000| Untracked 
|  24|0x0000000081800000, 0x0000000081800000, 0x0000000081900000|  0%| F|  |TAMS 0x0000000081800000, 0x0000000081800000| Untracked 
|  25|0x0000000081900000, 0x0000000081900000, 0x0000000081a00000|  0%| F|  |TAMS 0x0000000081900000, 0x0000000081900000| Untracked 
|  26|0x0000000081a00000, 0x0000000081a00000, 0x0000000081b00000|  0%| F|  |TAMS 0x0000000081a00000, 0x0000000081a00000| Untracked 
|  27|0x0000000081b00000, 0x0000000081b00000, 0x0000000081c00000|  0%| F|  |TAMS 0x0000000081b00000, 0x0000000081b00000| Untracked 
|  28|0x0000000081c00000, 0x0000000081c00000, 0x0000000081d00000|  0%| F|  |TAMS 0x0000000081c00000, 0x0000000081c00000| Untracked 
|  29|0x0000000081d00000, 0x0000000081d00000, 0x0000000081e00000|  0%| F|  |TAMS 0x0000000081d00000, 0x0000000081d00000| Untracked 
|  30|0x0000000081e00000, 0x0000000081e00000, 0x0000000081f00000|  0%| F|  |TAMS 0x0000000081e00000, 0x0000000081e00000| Untracked 
|  31|0x0000000081f00000, 0x0000000081f00000, 0x0000000082000000|  0%| F|  |TAMS 0x0000000081f00000, 0x0000000081f00000| Untracked 
|  32|0x0000000082000000, 0x0000000082000000, 0x0000000082100000|  0%| F|  |TAMS 0x0000000082000000, 0x0000000082000000| Untracked 
|  33|0x0000000082100000, 0x0000000082100000, 0x0000000082200000|  0%| F|  |TAMS 0x0000000082100000, 0x0000000082100000| Untracked 
|  34|0x0000000082200000, 0x0000000082200000, 0x0000000082300000|  0%| F|  |TAMS 0x0000000082200000, 0x0000000082200000| Untracked 
|  35|0x0000000082300000, 0x0000000082300000, 0x0000000082400000|  0%| F|  |TAMS 0x0000000082300000, 0x0000000082300000| Untracked 
|  36|0x0000000082400000, 0x0000000082400000, 0x0000000082500000|  0%| F|  |TAMS 0x0000000082400000, 0x0000000082400000| Untracked 
|  37|0x0000000082500000, 0x0000000082500000, 0x0000000082600000|  0%| F|  |TAMS 0x0000000082500000, 0x0000000082500000| Untracked 
|  38|0x0000000082600000, 0x0000000082600000, 0x0000000082700000|  0%| F|  |TAMS 0x0000000082600000, 0x0000000082600000| Untracked 
|  39|0x0000000082700000, 0x0000000082700000, 0x0000000082800000|  0%| F|  |TAMS 0x0000000082700000, 0x0000000082700000| Untracked 
|  40|0x0000000082800000, 0x0000000082800000, 0x0000000082900000|  0%| F|  |TAMS 0x0000000082800000, 0x0000000082800000| Untracked 
|  41|0x0000000082900000, 0x0000000082900000, 0x0000000082a00000|  0%| F|  |TAMS 0x0000000082900000, 0x0000000082900000| Untracked 
|  42|0x0000000082a00000, 0x0000000082a00000, 0x0000000082b00000|  0%| F|  |TAMS 0x0000000082a00000, 0x0000000082a00000| Untracked 
|  43|0x0000000082b00000, 0x0000000082b00000, 0x0000000082c00000|  0%| F|  |TAMS 0x0000000082b00000, 0x0000000082b00000| Untracked 
|  44|0x0000000082c00000, 0x0000000082c00000, 0x0000000082d00000|  0%| F|  |TAMS 0x0000000082c00000, 0x0000000082c00000| Untracked 
|  45|0x0000000082d00000, 0x0000000082d00000, 0x0000000082e00000|  0%| F|  |TAMS 0x0000000082d00000, 0x0000000082d00000| Untracked 
|  46|0x0000000082e00000, 0x0000000082e00000, 0x0000000082f00000|  0%| F|  |TAMS 0x0000000082e00000, 0x0000000082e00000| Untracked 
|  47|0x0000000082f00000, 0x0000000082f00000, 0x0000000083000000|  0%| F|  |TAMS 0x0000000082f00000, 0x0000000082f00000| Untracked 
|  48|0x0000000083000000, 0x0000000083000000, 0x0000000083100000|  0%| F|  |TAMS 0x0000000083000000, 0x0000000083000000| Untracked 
|  49|0x0000000083100000, 0x0000000083100000, 0x0000000083200000|  0%| F|  |TAMS 0x0000000083100000, 0x0000000083100000| Untracked 
|  50|0x0000000083200000, 0x0000000083200000, 0x0000000083300000|  0%| F|  |TAMS 0x0000000083200000, 0x0000000083200000| Untracked 
|  51|0x0000000083300000, 0x0000000083300000, 0x0000000083400000|  0%| F|  |TAMS 0x0000000083300000, 0x0000000083300000| Untracked 
|  52|0x0000000083400000, 0x0000000083400000, 0x0000000083500000|  0%| F|  |TAMS 0x0000000083400000, 0x0000000083400000| Untracked 
|  53|0x0000000083500000, 0x0000000083500000, 0x0000000083600000|  0%| F|  |TAMS 0x0000000083500000, 0x0000000083500000| Untracked 
|  54|0x0000000083600000, 0x0000000083600000, 0x0000000083700000|  0%| F|  |TAMS 0x0000000083600000, 0x0000000083600000| Untracked 
|  55|0x0000000083700000, 0x0000000083700000, 0x0000000083800000|  0%| F|  |TAMS 0x0000000083700000, 0x0000000083700000| Untracked 
|  56|0x0000000083800000, 0x0000000083800000, 0x0000000083900000|  0%| F|  |TAMS 0x0000000083800000, 0x0000000083800000| Untracked 
|  57|0x0000000083900000, 0x0000000083900000, 0x0000000083a00000|  0%| F|  |TAMS 0x0000000083900000, 0x0000000083900000| Untracked 
|  58|0x0000000083a00000, 0x0000000083a00000, 0x0000000083b00000|  0%| F|  |TAMS 0x0000000083a00000, 0x0000000083a00000| Untracked 
|  59|0x0000000083b00000, 0x0000000083b00000, 0x0000000083c00000|  0%| F|  |TAMS 0x0000000083b00000, 0x0000000083b00000| Untracked 
|  60|0x0000000083c00000, 0x0000000083c00000, 0x0000000083d00000|  0%| F|  |TAMS 0x0000000083c00000, 0x0000000083c00000| Untracked 
|  61|0x0000000083d00000, 0x0000000083d00000, 0x0000000083e00000|  0%| F|  |TAMS 0x0000000083d00000, 0x0000000083d00000| Untracked 
|  62|0x0000000083e00000, 0x0000000083e00000, 0x0000000083f00000|  0%| F|  |TAMS 0x0000000083e00000, 0x0000000083e00000| Untracked 
|  63|0x0000000083f00000, 0x0000000083f00000, 0x0000000084000000|  0%| F|  |TAMS 0x0000000083f00000, 0x0000000083f00000| Untracked 
|  64|0x0000000084000000, 0x0000000084000000, 0x0000000084100000|  0%| F|  |TAMS 0x0000000084000000, 0x0000000084000000| Untracked 
|  65|0x0000000084100000, 0x0000000084100000, 0x0000000084200000|  0%| F|  |TAMS 0x0000000084100000, 0x0000000084100000| Untracked 
|  66|0x0000000084200000, 0x0000000084200000, 0x0000000084300000|  0%| F|  |TAMS 0x0000000084200000, 0x0000000084200000| Untracked 
|  67|0x0000000084300000, 0x0000000084300000, 0x0000000084400000|  0%| F|  |TAMS 0x0000000084300000, 0x0000000084300000| Untracked 
|  68|0x0000000084400000, 0x0000000084400000, 0x0000000084500000|  0%| F|  |TAMS 0x0000000084400000, 0x0000000084400000| Untracked 
|  69|0x0000000084500000, 0x0000000084500000, 0x0000000084600000|  0%| F|  |TAMS 0x0000000084500000, 0x0000000084500000| Untracked 
|  70|0x0000000084600000, 0x0000000084600000, 0x0000000084700000|  0%| F|  |TAMS 0x0000000084600000, 0x0000000084600000| Untracked 
|  71|0x0000000084700000, 0x0000000084700000, 0x0000000084800000|  0%| F|  |TAMS 0x0000000084700000, 0x0000000084700000| Untracked 
|  72|0x0000000084800000, 0x0000000084800000, 0x0000000084900000|  0%| F|  |TAMS 0x0000000084800000, 0x0000000084800000| Untracked 
|  73|0x0000000084900000, 0x0000000084900000, 0x0000000084a00000|  0%| F|  |TAMS 0x0000000084900000, 0x0000000084900000| Untracked 
|  74|0x0000000084a00000, 0x0000000084a00000, 0x0000000084b00000|  0%| F|  |TAMS 0x0000000084a00000, 0x0000000084a00000| Untracked 
|  75|0x0000000084b00000, 0x0000000084b00000, 0x0000000084c00000|  0%| F|  |TAMS 0x0000000084b00000, 0x0000000084b00000| Untracked 
|  76|0x0000000084c00000, 0x0000000084c00000, 0x0000000084d00000|  0%| F|  |TAMS 0x0000000084c00000, 0x0000000084c00000| Untracked 
|  77|0x0000000084d00000, 0x0000000084d00000, 0x0000000084e00000|  0%| F|  |TAMS 0x0000000084d00000, 0x0000000084d00000| Untracked 
|  78|0x0000000084e00000, 0x0000000084e00000, 0x0000000084f00000|  0%| F|  |TAMS 0x0000000084e00000, 0x0000000084e00000| Untracked 
|  79|0x0000000084f00000, 0x0000000084f00000, 0x0000000085000000|  0%| F|  |TAMS 0x0000000084f00000, 0x0000000084f00000| Untracked 
|  80|0x0000000085000000, 0x0000000085000000, 0x0000000085100000|  0%| F|  |TAMS 0x0000000085000000, 0x0000000085000000| Untracked 
|  81|0x0000000085100000, 0x0000000085100000, 0x0000000085200000|  0%| F|  |TAMS 0x0000000085100000, 0x0000000085100000| Untracked 
|  82|0x0000000085200000, 0x0000000085200000, 0x0000000085300000|  0%| F|  |TAMS 0x0000000085200000, 0x0000000085200000| Untracked 
|  83|0x0000000085300000, 0x0000000085300000, 0x0000000085400000|  0%| F|  |TAMS 0x0000000085300000, 0x0000000085300000| Untracked 
|  84|0x0000000085400000, 0x0000000085400000, 0x0000000085500000|  0%| F|  |TAMS 0x0000000085400000, 0x0000000085400000| Untracked 
|  85|0x0000000085500000, 0x0000000085500000, 0x0000000085600000|  0%| F|  |TAMS 0x0000000085500000, 0x0000000085500000| Untracked 
|  86|0x0000000085600000, 0x0000000085600000, 0x0000000085700000|  0%| F|  |TAMS 0x0000000085600000, 0x0000000085600000| Untracked 
|  87|0x0000000085700000, 0x0000000085700000, 0x0000000085800000|  0%| F|  |TAMS 0x0000000085700000, 0x0000000085700000| Untracked 
|  88|0x0000000085800000, 0x0000000085800000, 0x0000000085900000|  0%| F|  |TAMS 0x0000000085800000, 0x0000000085800000| Untracked 
|  89|0x0000000085900000, 0x0000000085900000, 0x0000000085a00000|  0%| F|  |TAMS 0x0000000085900000, 0x0000000085900000| Untracked 
|  90|0x0000000085a00000, 0x0000000085a00000, 0x0000000085b00000|  0%| F|  |TAMS 0x0000000085a00000, 0x0000000085a00000| Untracked 
|  91|0x0000000085b00000, 0x0000000085b00000, 0x0000000085c00000|  0%| F|  |TAMS 0x0000000085b00000, 0x0000000085b00000| Untracked 
|  92|0x0000000085c00000, 0x0000000085c00000, 0x0000000085d00000|  0%| F|  |TAMS 0x0000000085c00000, 0x0000000085c00000| Untracked 
|  93|0x0000000085d00000, 0x0000000085d00000, 0x0000000085e00000|  0%| F|  |TAMS 0x0000000085d00000, 0x0000000085d00000| Untracked 
|  94|0x0000000085e00000, 0x0000000085e00000, 0x0000000085f00000|  0%| F|  |TAMS 0x0000000085e00000, 0x0000000085e00000| Untracked 
|  95|0x0000000085f00000, 0x0000000085f00000, 0x0000000086000000|  0%| F|  |TAMS 0x0000000085f00000, 0x0000000085f00000| Untracked 
|  96|0x0000000086000000, 0x0000000086000000, 0x0000000086100000|  0%| F|  |TAMS 0x0000000086000000, 0x0000000086000000| Untracked 
|  97|0x0000000086100000, 0x0000000086100000, 0x0000000086200000|  0%| F|  |TAMS 0x0000000086100000, 0x0000000086100000| Untracked 
|  98|0x0000000086200000, 0x0000000086200000, 0x0000000086300000|  0%| F|  |TAMS 0x0000000086200000, 0x0000000086200000| Untracked 
|  99|0x0000000086300000, 0x0000000086300000, 0x0000000086400000|  0%| F|  |TAMS 0x0000000086300000, 0x0000000086300000| Untracked 
| 100|0x0000000086400000, 0x0000000086400000, 0x0000000086500000|  0%| F|  |TAMS 0x0000000086400000, 0x0000000086400000| Untracked 
| 101|0x0000000086500000, 0x0000000086500000, 0x0000000086600000|  0%| F|  |TAMS 0x0000000086500000, 0x0000000086500000| Untracked 
| 102|0x0000000086600000, 0x0000000086600000, 0x0000000086700000|  0%| F|  |TAMS 0x0000000086600000, 0x0000000086600000| Untracked 
| 103|0x0000000086700000, 0x0000000086700000, 0x0000000086800000|  0%| F|  |TAMS 0x0000000086700000, 0x0000000086700000| Untracked 
| 104|0x0000000086800000, 0x0000000086800000, 0x0000000086900000|  0%| F|  |TAMS 0x0000000086800000, 0x0000000086800000| Untracked 
| 105|0x0000000086900000, 0x0000000086900000, 0x0000000086a00000|  0%| F|  |TAMS 0x0000000086900000, 0x0000000086900000| Untracked 
| 106|0x0000000086a00000, 0x0000000086a00000, 0x0000000086b00000|  0%| F|  |TAMS 0x0000000086a00000, 0x0000000086a00000| Untracked 
| 107|0x0000000086b00000, 0x0000000086b00000, 0x0000000086c00000|  0%| F|  |TAMS 0x0000000086b00000, 0x0000000086b00000| Untracked 
| 108|0x0000000086c00000, 0x0000000086c00000, 0x0000000086d00000|  0%| F|  |TAMS 0x0000000086c00000, 0x0000000086c00000| Untracked 
| 109|0x0000000086d00000, 0x0000000086d00000, 0x0000000086e00000|  0%| F|  |TAMS 0x0000000086d00000, 0x0000000086d00000| Untracked 
| 110|0x0000000086e00000, 0x0000000086e00000, 0x0000000086f00000|  0%| F|  |TAMS 0x0000000086e00000, 0x0000000086e00000| Untracked 
| 111|0x0000000086f00000, 0x0000000086f00000, 0x0000000087000000|  0%| F|  |TAMS 0x0000000086f00000, 0x0000000086f00000| Untracked 
| 112|0x0000000087000000, 0x0000000087000000, 0x0000000087100000|  0%| F|  |TAMS 0x0000000087000000, 0x0000000087000000| Untracked 
| 113|0x0000000087100000, 0x0000000087100000, 0x0000000087200000|  0%| F|  |TAMS 0x0000000087100000, 0x0000000087100000| Untracked 
| 114|0x0000000087200000, 0x0000000087200000, 0x0000000087300000|  0%| F|  |TAMS 0x0000000087200000, 0x0000000087200000| Untracked 
| 115|0x0000000087300000, 0x0000000087300000, 0x0000000087400000|  0%| F|  |TAMS 0x0000000087300000, 0x0000000087300000| Untracked 
| 116|0x0000000087400000, 0x0000000087400000, 0x0000000087500000|  0%| F|  |TAMS 0x0000000087400000, 0x0000000087400000| Untracked 
| 117|0x0000000087500000, 0x0000000087500000, 0x0000000087600000|  0%| F|  |TAMS 0x0000000087500000, 0x0000000087500000| Untracked 
| 118|0x0000000087600000, 0x0000000087600000, 0x0000000087700000|  0%| F|  |TAMS 0x0000000087600000, 0x0000000087600000| Untracked 
| 119|0x0000000087700000, 0x0000000087700000, 0x0000000087800000|  0%| F|  |TAMS 0x0000000087700000, 0x0000000087700000| Untracked 
| 120|0x0000000087800000, 0x0000000087800000, 0x0000000087900000|  0%| F|  |TAMS 0x0000000087800000, 0x0000000087800000| Untracked 
| 121|0x0000000087900000, 0x0000000087900000, 0x0000000087a00000|  0%| F|  |TAMS 0x0000000087900000, 0x0000000087900000| Untracked 
| 122|0x0000000087a00000, 0x0000000087a00000, 0x0000000087b00000|  0%| F|  |TAMS 0x0000000087a00000, 0x0000000087a00000| Untracked 
| 123|0x0000000087b00000, 0x0000000087b00000, 0x0000000087c00000|  0%| F|  |TAMS 0x0000000087b00000, 0x0000000087b00000| Untracked 
| 124|0x0000000087c00000, 0x0000000087c00000, 0x0000000087d00000|  0%| F|  |TAMS 0x0000000087c00000, 0x0000000087c00000| Untracked 
| 125|0x0000000087d00000, 0x0000000087d00000, 0x0000000087e00000|  0%| F|  |TAMS 0x0000000087d00000, 0x0000000087d00000| Untracked 
| 126|0x0000000087e00000, 0x0000000087e00000, 0x0000000087f00000|  0%| F|  |TAMS 0x0000000087e00000, 0x0000000087e00000| Untracked 
| 127|0x0000000087f00000, 0x0000000087f00000, 0x0000000088000000|  0%| F|  |TAMS 0x0000000087f00000, 0x0000000087f00000| Untracked 
| 128|0x0000000088000000, 0x0000000088000000, 0x0000000088100000|  0%| F|  |TAMS 0x0000000088000000, 0x0000000088000000| Untracked 
| 129|0x0000000088100000, 0x000000008818c598, 0x0000000088200000| 54%| E|  |TAMS 0x0000000088100000, 0x0000000088100000| Complete 
| 130|0x0000000088200000, 0x0000000088300000, 0x0000000088300000|100%| E|CS|TAMS 0x0000000088200000, 0x0000000088200000| Complete 
| 131|0x0000000088300000, 0x0000000088400000, 0x0000000088400000|100%| E|CS|TAMS 0x0000000088300000, 0x0000000088300000| Complete 
| 132|0x0000000088400000, 0x00000000884e24c0, 0x0000000088500000| 88%| S|CS|TAMS 0x0000000088400000, 0x0000000088400000| Complete 
| 133|0x0000000088500000, 0x0000000088600000, 0x0000000088600000|100%| S|CS|TAMS 0x0000000088500000, 0x0000000088500000| Complete 
| 134|0x0000000088600000, 0x0000000088700000, 0x0000000088700000|100%| S|CS|TAMS 0x0000000088600000, 0x0000000088600000| Complete 
| 135|0x0000000088700000, 0x0000000088800000, 0x0000000088800000|100%| E|CS|TAMS 0x0000000088700000, 0x0000000088700000| Complete 
| 136|0x0000000088800000, 0x0000000088900000, 0x0000000088900000|100%| E|CS|TAMS 0x0000000088800000, 0x0000000088800000| Complete 
| 137|0x0000000088900000, 0x0000000088a00000, 0x0000000088a00000|100%| E|CS|TAMS 0x0000000088900000, 0x0000000088900000| Complete 
| 138|0x0000000088a00000, 0x0000000088b00000, 0x0000000088b00000|100%| E|CS|TAMS 0x0000000088a00000, 0x0000000088a00000| Complete 
| 139|0x0000000088b00000, 0x0000000088c00000, 0x0000000088c00000|100%| E|CS|TAMS 0x0000000088b00000, 0x0000000088b00000| Complete 
| 140|0x0000000088c00000, 0x0000000088d00000, 0x0000000088d00000|100%| E|CS|TAMS 0x0000000088c00000, 0x0000000088c00000| Complete 
| 141|0x0000000088d00000, 0x0000000088e00000, 0x0000000088e00000|100%| E|CS|TAMS 0x0000000088d00000, 0x0000000088d00000| Complete 
| 142|0x0000000088e00000, 0x0000000088f00000, 0x0000000088f00000|100%| E|CS|TAMS 0x0000000088e00000, 0x0000000088e00000| Complete 
| 143|0x0000000088f00000, 0x0000000089000000, 0x0000000089000000|100%| E|CS|TAMS 0x0000000088f00000, 0x0000000088f00000| Complete 
| 144|0x0000000089000000, 0x0000000089100000, 0x0000000089100000|100%| E|CS|TAMS 0x0000000089000000, 0x0000000089000000| Complete 
| 145|0x0000000089100000, 0x0000000089200000, 0x0000000089200000|100%| E|CS|TAMS 0x0000000089100000, 0x0000000089100000| Complete 
| 146|0x0000000089200000, 0x0000000089300000, 0x0000000089300000|100%| E|CS|TAMS 0x0000000089200000, 0x0000000089200000| Complete 
| 147|0x0000000089300000, 0x0000000089400000, 0x0000000089400000|100%| E|CS|TAMS 0x0000000089300000, 0x0000000089300000| Complete 
| 148|0x0000000089400000, 0x0000000089500000, 0x0000000089500000|100%| E|CS|TAMS 0x0000000089400000, 0x0000000089400000| Complete 
| 149|0x0000000089500000, 0x0000000089600000, 0x0000000089600000|100%| E|CS|TAMS 0x0000000089500000, 0x0000000089500000| Complete 
| 150|0x0000000089600000, 0x0000000089700000, 0x0000000089700000|100%| E|CS|TAMS 0x0000000089600000, 0x0000000089600000| Complete 
| 151|0x0000000089700000, 0x0000000089800000, 0x0000000089800000|100%| E|CS|TAMS 0x0000000089700000, 0x0000000089700000| Complete 
| 152|0x0000000089800000, 0x0000000089900000, 0x0000000089900000|100%| E|CS|TAMS 0x0000000089800000, 0x0000000089800000| Complete 
| 153|0x0000000089900000, 0x0000000089a00000, 0x0000000089a00000|100%| E|CS|TAMS 0x0000000089900000, 0x0000000089900000| Complete 
| 154|0x0000000089a00000, 0x0000000089b00000, 0x0000000089b00000|100%| E|CS|TAMS 0x0000000089a00000, 0x0000000089a00000| Complete 
| 155|0x0000000089b00000, 0x0000000089c00000, 0x0000000089c00000|100%| E|CS|TAMS 0x0000000089b00000, 0x0000000089b00000| Complete 
| 156|0x0000000089c00000, 0x0000000089d00000, 0x0000000089d00000|100%| E|CS|TAMS 0x0000000089c00000, 0x0000000089c00000| Complete 
| 157|0x0000000089d00000, 0x0000000089e00000, 0x0000000089e00000|100%| E|CS|TAMS 0x0000000089d00000, 0x0000000089d00000| Complete 
| 158|0x0000000089e00000, 0x0000000089f00000, 0x0000000089f00000|100%| E|CS|TAMS 0x0000000089e00000, 0x0000000089e00000| Complete 
| 159|0x0000000089f00000, 0x000000008a000000, 0x000000008a000000|100%| E|CS|TAMS 0x0000000089f00000, 0x0000000089f00000| Complete 
| 160|0x000000008a000000, 0x000000008a100000, 0x000000008a100000|100%| E|CS|TAMS 0x000000008a000000, 0x000000008a000000| Complete 
| 161|0x000000008a100000, 0x000000008a200000, 0x000000008a200000|100%| E|CS|TAMS 0x000000008a100000, 0x000000008a100000| Complete 
| 162|0x000000008a200000, 0x000000008a300000, 0x000000008a300000|100%| E|CS|TAMS 0x000000008a200000, 0x000000008a200000| Complete 
| 163|0x000000008a300000, 0x000000008a400000, 0x000000008a400000|100%| E|CS|TAMS 0x000000008a300000, 0x000000008a300000| Complete 
| 164|0x000000008a400000, 0x000000008a500000, 0x000000008a500000|100%| E|CS|TAMS 0x000000008a400000, 0x000000008a400000| Complete 
| 165|0x000000008a500000, 0x000000008a600000, 0x000000008a600000|100%| E|CS|TAMS 0x000000008a500000, 0x000000008a500000| Complete 
| 166|0x000000008a600000, 0x000000008a700000, 0x000000008a700000|100%| E|CS|TAMS 0x000000008a600000, 0x000000008a600000| Complete 
| 167|0x000000008a700000, 0x000000008a800000, 0x000000008a800000|100%| E|CS|TAMS 0x000000008a700000, 0x000000008a700000| Complete 
| 168|0x000000008a800000, 0x000000008a900000, 0x000000008a900000|100%| E|CS|TAMS 0x000000008a800000, 0x000000008a800000| Complete 
| 169|0x000000008a900000, 0x000000008aa00000, 0x000000008aa00000|100%| E|CS|TAMS 0x000000008a900000, 0x000000008a900000| Complete 
| 170|0x000000008aa00000, 0x000000008ab00000, 0x000000008ab00000|100%| E|CS|TAMS 0x000000008aa00000, 0x000000008aa00000| Complete 
| 171|0x000000008ab00000, 0x000000008ac00000, 0x000000008ac00000|100%| E|CS|TAMS 0x000000008ab00000, 0x000000008ab00000| Complete 
| 172|0x000000008ac00000, 0x000000008ad00000, 0x000000008ad00000|100%| E|CS|TAMS 0x000000008ac00000, 0x000000008ac00000| Complete 
| 173|0x000000008ad00000, 0x000000008ae00000, 0x000000008ae00000|100%| E|CS|TAMS 0x000000008ad00000, 0x000000008ad00000| Complete 
| 174|0x000000008ae00000, 0x000000008af00000, 0x000000008af00000|100%| E|CS|TAMS 0x000000008ae00000, 0x000000008ae00000| Complete 
| 175|0x000000008af00000, 0x000000008b000000, 0x000000008b000000|100%| E|CS|TAMS 0x000000008af00000, 0x000000008af00000| Complete 
| 176|0x000000008b000000, 0x000000008b100000, 0x000000008b100000|100%| E|CS|TAMS 0x000000008b000000, 0x000000008b000000| Complete 
| 177|0x000000008b100000, 0x000000008b200000, 0x000000008b200000|100%| E|CS|TAMS 0x000000008b100000, 0x000000008b100000| Complete 
| 178|0x000000008b200000, 0x000000008b300000, 0x000000008b300000|100%| E|CS|TAMS 0x000000008b200000, 0x000000008b200000| Complete 
| 179|0x000000008b300000, 0x000000008b400000, 0x000000008b400000|100%| E|CS|TAMS 0x000000008b300000, 0x000000008b300000| Complete 
| 180|0x000000008b400000, 0x000000008b500000, 0x000000008b500000|100%| E|CS|TAMS 0x000000008b400000, 0x000000008b400000| Complete 
| 181|0x000000008b500000, 0x000000008b600000, 0x000000008b600000|100%| E|CS|TAMS 0x000000008b500000, 0x000000008b500000| Complete 
| 182|0x000000008b600000, 0x000000008b700000, 0x000000008b700000|100%| E|CS|TAMS 0x000000008b600000, 0x000000008b600000| Complete 
| 183|0x000000008b700000, 0x000000008b800000, 0x000000008b800000|100%| E|CS|TAMS 0x000000008b700000, 0x000000008b700000| Complete 
| 184|0x000000008b800000, 0x000000008b900000, 0x000000008b900000|100%| E|CS|TAMS 0x000000008b800000, 0x000000008b800000| Complete 
| 185|0x000000008b900000, 0x000000008ba00000, 0x000000008ba00000|100%| E|CS|TAMS 0x000000008b900000, 0x000000008b900000| Complete 
| 186|0x000000008ba00000, 0x000000008bb00000, 0x000000008bb00000|100%| E|CS|TAMS 0x000000008ba00000, 0x000000008ba00000| Complete 
| 187|0x000000008bb00000, 0x000000008bc00000, 0x000000008bc00000|100%| E|CS|TAMS 0x000000008bb00000, 0x000000008bb00000| Complete 
| 188|0x000000008bc00000, 0x000000008bd00000, 0x000000008bd00000|100%| E|CS|TAMS 0x000000008bc00000, 0x000000008bc00000| Complete 
| 189|0x000000008bd00000, 0x000000008be00000, 0x000000008be00000|100%| E|CS|TAMS 0x000000008bd00000, 0x000000008bd00000| Complete 
| 190|0x000000008be00000, 0x000000008bf00000, 0x000000008bf00000|100%| E|CS|TAMS 0x000000008be00000, 0x000000008be00000| Complete 
| 191|0x000000008bf00000, 0x000000008c000000, 0x000000008c000000|100%| E|CS|TAMS 0x000000008bf00000, 0x000000008bf00000| Complete 

Card table byte_map: [0x000002c4f92f0000,0x000002c4f96f0000] _byte_map_base: 0x000002c4f8ef0000

Marking Bits (Prev, Next): (CMBitMap*) 0x000002c4e46004f0, (CMBitMap*) 0x000002c4e46004b8
 Prev Bits: [0x000002c4fbaf0000, 0x000002c4fdaf0000)
 Next Bits: [0x000002c4f9af0000, 0x000002c4fbaf0000)

Polling page: 0x000002c4e46a0000

Metaspace:

Usage:
  Non-class:     30.26 MB capacity,    29.82 MB ( 99%) used,   381.07 KB (  1%) free+waste,    74.00 KB ( <1%) overhead. 
      Class:      4.75 MB capacity,     4.44 MB ( 94%) used,   278.63 KB (  6%) free+waste,    36.31 KB ( <1%) overhead. 
       Both:     35.01 MB capacity,    34.26 MB ( 98%) used,   659.70 KB (  2%) free+waste,   110.31 KB ( <1%) overhead. 

Virtual space:
  Non-class space:       32.00 MB reserved,      30.45 MB ( 95%) committed 
      Class space:        1.00 GB reserved,       4.75 MB ( <1%) committed 
             Both:        1.03 GB reserved,      35.20 MB (  3%) committed 

Chunk freelists:
   Non-Class:  54.00 KB
       Class:  1.00 KB
        Both:  55.00 KB

MaxMetaspaceSize: 17179869184.00 GB
CompressedClassSpaceSize: 1.00 GB

CodeHeap 'non-profiled nmethods': size=120064Kb used=1459Kb max_used=1459Kb free=118604Kb
 bounds [0x000002c4f1390000, 0x000002c4f1600000, 0x000002c4f88d0000]
CodeHeap 'profiled nmethods': size=120000Kb used=6209Kb max_used=6209Kb free=113790Kb
 bounds [0x000002c4e9e60000, 0x000002c4ea480000, 0x000002c4f1390000]
CodeHeap 'non-nmethods': size=5696Kb used=1173Kb max_used=1199Kb free=4522Kb
 bounds [0x000002c4e98d0000, 0x000002c4e9b40000, 0x000002c4e9e60000]
 total_blobs=3468 nmethods=2947 adapters=432
 compilation: enabled
              stopped_count=0, restarted_count=0
 full_count=0

Compilation events (20 events):
Event: 27.990 Thread 0x000002c480a5f000 nmethod 2947 0x000002c4ea46ca10 code [0x000002c4ea46cc40, 0x000002c4ea46d518]
Event: 27.990 Thread 0x000002c480a5f000 2948       3       java.lang.reflect.Field::<init> (44 bytes)
Event: 27.991 Thread 0x000002c480a5f000 nmethod 2948 0x000002c4ea46d790 code [0x000002c4ea46d960, 0x000002c4ea46dd18]
Event: 27.991 Thread 0x000002c480a5f000 2949       3       java.lang.reflect.Field::copy (76 bytes)
Event: 27.991 Thread 0x000002c480a5f000 nmethod 2949 0x000002c4ea46de10 code [0x000002c4ea46e000, 0x000002c4ea46e3f8]
Event: 27.991 Thread 0x000002c480a5f000 2950       1       java.lang.reflect.Field::getDeclaringClass (5 bytes)
Event: 27.991 Thread 0x000002c480a5f000 nmethod 2950 0x000002c4f14fc690 code [0x000002c4f14fc840, 0x000002c4f14fc8f8]
Event: 27.991 Thread 0x000002c480a5f000 2945       3       java.util.stream.ReferencePipeline$StatelessOp::<init> (29 bytes)
Event: 27.991 Thread 0x000002c480a5f000 nmethod 2945 0x000002c4ea46e510 code [0x000002c4ea46e6e0, 0x000002c4ea46e888]
Event: 27.991 Thread 0x000002c480a5f000 2946       3       java.util.stream.Sink$ChainedReference::end (10 bytes)
Event: 27.991 Thread 0x000002c480a5f000 nmethod 2946 0x000002c4ea46e990 code [0x000002c4ea46eb40, 0x000002c4ea46ed08]
Event: 27.992 Thread 0x000002c480a5f000 2951       1       groovy.lang.MetaProperty::getName (5 bytes)
Event: 27.992 Thread 0x000002c480a5f000 nmethod 2951 0x000002c4f14fc990 code [0x000002c4f14fcb40, 0x000002c4f14fcbf8]
Event: 27.992 Thread 0x000002c480a5f000 2952       3       java.beans.MethodRef::get (91 bytes)
Event: 27.993 Thread 0x000002c480a5f000 nmethod 2952 0x000002c4ea46ee10 code [0x000002c4ea46f080, 0x000002c4ea46fc38]
Event: 27.993 Thread 0x000002c480a5f000 2953       3       org.codehaus.groovy.reflection.CachedMethod::getReturnType (8 bytes)
Event: 27.993 Thread 0x000002c480a5f000 nmethod 2953 0x000002c4ea46ff10 code [0x000002c4ea4700c0, 0x000002c4ea4701d8]
Event: 27.993 Thread 0x000002c480a5f000 2954       3       org.codehaus.groovy.util.ComplexKeyHashMap::hash (31 bytes)
Event: 27.993 Thread 0x000002c480a5f000 nmethod 2954 0x000002c4ea470290 code [0x000002c4ea470440, 0x000002c4ea470538]
Event: 27.993 Thread 0x000002c480a5f000 2955       3       org.codehaus.groovy.util.SingleKeyHashMap::getOrPut (137 bytes)

GC Heap History (12 events):
Event: 0.877 GC heap before
{Heap before GC invocations=0 (full 0):
 garbage-first heap   total 196608K, used 19456K [0x0000000080000000, 0x0000000100000000)
  region size 1024K, 14 young (14336K), 0 survivors (0K)
 Metaspace       used 6728K, capacity 6925K, committed 7168K, reserved 1056768K
  class space    used 582K, capacity 650K, committed 768K, reserved 1048576K
}
Event: 0.882 GC heap after
{Heap after GC invocations=1 (full 0):
 garbage-first heap   total 196608K, used 7879K [0x0000000080000000, 0x0000000100000000)
  region size 1024K, 2 young (2048K), 2 survivors (2048K)
 Metaspace       used 6728K, capacity 6925K, committed 7168K, reserved 1056768K
  class space    used 582K, capacity 650K, committed 768K, reserved 1048576K
}
Event: 1.364 GC heap before
{Heap before GC invocations=1 (full 0):
 garbage-first heap   total 196608K, used 20167K [0x0000000080000000, 0x0000000100000000)
  region size 1024K, 14 young (14336K), 2 survivors (2048K)
 Metaspace       used 10262K, capacity 10553K, committed 10624K, reserved 1058816K
  class space    used 1070K, capacity 1139K, committed 1152K, reserved 1048576K
}
Event: 1.367 GC heap after
{Heap after GC invocations=2 (full 0):
 garbage-first heap   total 196608K, used 9498K [0x0000000080000000, 0x0000000100000000)
  region size 1024K, 2 young (2048K), 2 survivors (2048K)
 Metaspace       used 10262K, capacity 10553K, committed 10624K, reserved 1058816K
  class space    used 1070K, capacity 1139K, committed 1152K, reserved 1048576K
}
Event: 1.877 GC heap before
{Heap before GC invocations=2 (full 0):
 garbage-first heap   total 196608K, used 40218K [0x0000000080000000, 0x0000000100000000)
  region size 1024K, 32 young (32768K), 2 survivors (2048K)
 Metaspace       used 11255K, capacity 11508K, committed 11776K, reserved 1060864K
  class space    used 1173K, capacity 1244K, committed 1280K, reserved 1048576K
}
Event: 1.882 GC heap after
{Heap after GC invocations=3 (full 0):
 garbage-first heap   total 196608K, used 11880K [0x0000000080000000, 0x0000000100000000)
  region size 1024K, 4 young (4096K), 4 survivors (4096K)
 Metaspace       used 11255K, capacity 11508K, committed 11776K, reserved 1060864K
  class space    used 1173K, capacity 1244K, committed 1280K, reserved 1048576K
}
Event: 6.014 GC heap before
{Heap before GC invocations=3 (full 0):
 garbage-first heap   total 196608K, used 69224K [0x0000000080000000, 0x0000000100000000)
  region size 1024K, 60 young (61440K), 4 survivors (4096K)
 Metaspace       used 19442K, capacity 19906K, committed 19968K, reserved 1067008K
  class space    used 2370K, capacity 2516K, committed 2560K, reserved 1048576K
}
Event: 6.023 GC heap after
{Heap after GC invocations=4 (full 0):
 garbage-first heap   total 196608K, used 16391K [0x0000000080000000, 0x0000000100000000)
  region size 1024K, 8 young (8192K), 8 survivors (8192K)
 Metaspace       used 19442K, capacity 19906K, committed 19968K, reserved 1067008K
  class space    used 2370K, capacity 2516K, committed 2560K, reserved 1048576K
}
Event: 7.909 GC heap before
{Heap before GC invocations=4 (full 0):
 garbage-first heap   total 196608K, used 25607K [0x0000000080000000, 0x0000000100000000)
  region size 1024K, 18 young (18432K), 8 survivors (8192K)
 Metaspace       used 20696K, capacity 21168K, committed 21296K, reserved 1069056K
  class space    used 2532K, capacity 2660K, committed 2688K, reserved 1048576K
}
Event: 7.917 GC heap after
{Heap after GC invocations=5 (full 0):
 garbage-first heap   total 196608K, used 16947K [0x0000000080000000, 0x0000000100000000)
  region size 1024K, 6 young (6144K), 6 survivors (6144K)
 Metaspace       used 20696K, capacity 21168K, committed 21296K, reserved 1069056K
  class space    used 2532K, capacity 2660K, committed 2688K, reserved 1048576K
}
Event: 14.689 GC heap before
{Heap before GC invocations=6 (full 0):
 garbage-first heap   total 196608K, used 69171K [0x0000000080000000, 0x0000000100000000)
  region size 1024K, 57 young (58368K), 6 survivors (6144K)
 Metaspace       used 26102K, capacity 26764K, committed 27008K, reserved 1073152K
  class space    used 3405K, capacity 3617K, committed 3712K, reserved 1048576K
}
Event: 14.706 GC heap after
{Heap after GC invocations=7 (full 0):
 garbage-first heap   total 196608K, used 19336K [0x0000000080000000, 0x0000000100000000)
  region size 1024K, 3 young (3072K), 3 survivors (3072K)
 Metaspace       used 26102K, capacity 26764K, committed 27008K, reserved 1073152K
  class space    used 3405K, capacity 3617K, committed 3712K, reserved 1048576K
}

Deoptimization events (20 events):
Event: 21.242 Thread 0x000002c482ef6000 Uncommon trap: trap_request=0xffffff6e fr.pc=0x000002c4f14d65cc relative=0x000000000000078c
Event: 21.242 Thread 0x000002c482ef6000 Uncommon trap: reason=speculate_class_check action=maybe_recompile pc=0x000002c4f14d65cc method=java.lang.reflect.Executable.declaredAnnotations()Ljava/util/Map; @ 23 c2
Event: 21.242 Thread 0x000002c482ef6000 DEOPT PACKING pc=0x000002c4f14d65cc sp=0x000000e22ddfac00
Event: 21.242 Thread 0x000002c482ef6000 DEOPT UNPACKING pc=0x000002c4e98f662f sp=0x000000e22ddfab40 mode 2
Event: 27.412 Thread 0x000002c482ef6000 Uncommon trap: trap_request=0xffffff4d fr.pc=0x000002c4f1481468 relative=0x0000000000005128
Event: 27.412 Thread 0x000002c482ef6000 Uncommon trap: reason=unstable_if action=reinterpret pc=0x000002c4f1481468 method=jdk.internal.loader.BuiltinClassLoader.loadClassOrNull(Ljava/lang/String;Z)Ljava/lang/Class; @ 42 c2
Event: 27.412 Thread 0x000002c482ef6000 DEOPT PACKING pc=0x000002c4f1481468 sp=0x000000e22ddf55e0
Event: 27.412 Thread 0x000002c482ef6000 DEOPT UNPACKING pc=0x000002c4e98f662f sp=0x000000e22ddf5470 mode 2
Event: 27.425 Thread 0x000002c482bb2800 Uncommon trap: trap_request=0xffffffde fr.pc=0x000002c4f14ee394 relative=0x0000000000000314
Event: 27.425 Thread 0x000002c482bb2800 Uncommon trap: reason=class_check action=maybe_recompile pc=0x000002c4f14ee394 method=java.util.stream.ReferencePipeline.forEachWithCancel(Ljava/util/Spliterator;Ljava/util/stream/Sink;)Z @ 1 c2
Event: 27.425 Thread 0x000002c482bb2800 DEOPT PACKING pc=0x000002c4f14ee394 sp=0x000000e22d8feb00
Event: 27.425 Thread 0x000002c482bb2800 DEOPT UNPACKING pc=0x000002c4e98f662f sp=0x000000e22d8feaa0 mode 2
Event: 27.954 Thread 0x000002c482ef6000 DEOPT PACKING pc=0x000002c4ea28c2f9 sp=0x000000e22ddf64c0
Event: 27.954 Thread 0x000002c482ef6000 DEOPT UNPACKING pc=0x000002c4e98f6dde sp=0x000000e22ddf5a08 mode 0
Event: 27.964 Thread 0x000002c482ef6000 DEOPT PACKING pc=0x000002c4ea28c2f9 sp=0x000000e22ddf6340
Event: 27.964 Thread 0x000002c482ef6000 DEOPT UNPACKING pc=0x000002c4e98f6dde sp=0x000000e22ddf5888 mode 0
Event: 27.968 Thread 0x000002c482ef6000 Uncommon trap: trap_request=0xffffff5c fr.pc=0x000002c4f1439888 relative=0x0000000000000d68
Event: 27.968 Thread 0x000002c482ef6000 Uncommon trap: reason=speculate_null_assert action=make_not_entrant pc=0x000002c4f1439888 method=jdk.internal.loader.URLClassPath$JarLoader.getResource(Ljava/lang/String;ZLjava/util/Set;)Ljdk/internal/loader/Resource; @ 17 c2
Event: 27.968 Thread 0x000002c482ef6000 DEOPT PACKING pc=0x000002c4f1439888 sp=0x000000e22ddf54b0
Event: 27.968 Thread 0x000002c482ef6000 DEOPT UNPACKING pc=0x000002c4e98f662f sp=0x000000e22ddf5448 mode 2

Classes redefined (0 events):
No events

Internal exceptions (20 events):
Event: 16.478 Thread 0x000002c482ef6000 Implicit null exception at 0x000002c4f1433daf to 0x000002c4f1433e1d
Event: 18.377 Thread 0x000002c482ef6000 Exception <a 'java/lang/NoSuchMethodError'{0x000000008a381a48}: 'java.lang.Object java.lang.invoke.Invokers$Holder.linkToTargetMethod(java.lang.Object, java.lang.Object, java.lang.Object, java.lang.Object, java.lang.Object, java.lang.Object, java.lang.Object, java.lang.Object)'> (0x000000008a381a48) thrown at [./src/hotspot/share/interpreter/linkResolver.cpp, line 773]
Event: 18.380 Thread 0x000002c482ef6000 Exception <a 'java/lang/NoSuchMethodError'{0x000000008a3b63f0}: 'java.lang.Object java.lang.invoke.DirectMethodHandle$Holder.invokeVirtual(java.lang.Object, java.lang.Object, java.lang.Object)'> (0x000000008a3b63f0) thrown at [./src/hotspot/share/interpreter/linkResolver.cpp, line 773]
Event: 18.758 Thread 0x000002c482ef6000 Exception <a 'java/lang/NoSuchMethodError'{0x000000008a28d1d8}: 'java.lang.Object java.lang.invoke.Invokers$Holder.linkToTargetMethod(java.lang.Object, java.lang.Object, java.lang.Object, java.lang.Object, java.lang.Object, java.lang.Object, java.lang.Object)'> (0x000000008a28d1d8) thrown at [./src/hotspot/share/interpreter/linkResolver.cpp, line 773]
Event: 18.762 Thread 0x000002c482ef6000 Exception <a 'java/lang/IncompatibleClassChangeError'{0x000000008a2cb790}: Found class java.lang.Object, but interface was expected> (0x000000008a2cb790) thrown at [./src/hotspot/share/interpreter/linkResolver.cpp, line 839]
Event: 19.308 Thread 0x000002c482ef6000 Exception <a 'java/lang/NoSuchMethodError'{0x0000000089e5cf08}: 'int java.lang.invoke.DirectMethodHandle$Holder.invokeVirtual(java.lang.Object, java.lang.Object)'> (0x0000000089e5cf08) thrown at [./src/hotspot/share/interpreter/linkResolver.cpp, line 773]
Event: 26.619 Thread 0x000002c482ef6000 Exception <a 'java/lang/NoSuchMethodError'{0x0000000088e67030}: 'void java.lang.invoke.DirectMethodHandle$Holder.invokeStaticInit(java.lang.Object, java.lang.Object, java.lang.Object)'> (0x0000000088e67030) thrown at [./src/hotspot/share/interpreter/linkResolver.cpp, line 773]
Event: 26.619 Thread 0x000002c482ef6000 Exception <a 'java/lang/NoSuchMethodError'{0x0000000088e6de08}: 'void java.lang.invoke.DirectMethodHandle$Holder.invokeStaticInit(java.lang.Object, java.lang.Object, java.lang.Object, java.lang.Object)'> (0x0000000088e6de08) thrown at [./src/hotspot/share/interpreter/linkResolver.cpp, line 773]
Event: 26.622 Thread 0x000002c482ef6000 Exception <a 'java/lang/NoSuchMethodError'{0x0000000088e906a8}: 'void java.lang.invoke.DirectMethodHandle$Holder.invokeStaticInit(java.lang.Object, java.lang.Object, java.lang.Object, java.lang.Object, java.lang.Object)'> (0x0000000088e906a8) thrown at [./src/hotspot/share/interpreter/linkResolver.cpp, line 773]
Event: 26.657 Thread 0x000002c482ef6000 Exception <a 'java/lang/NoSuchMethodError'{0x0000000088ef29b0}: 'int java.lang.invoke.DirectMethodHandle$Holder.invokeStaticInit(java.lang.Object, java.lang.Object, java.lang.Object, java.lang.Object)'> (0x0000000088ef29b0) thrown at [./src/hotspot/share/interpreter/linkResolver.cpp, line 773]
Event: 27.959 Thread 0x000002c482ef6000 Exception <a 'java/lang/NoSuchMethodError'{0x0000000088350df8}: 'java.lang.Object java.lang.invoke.DirectMethodHandle$Holder.invokeStatic(java.lang.Object, java.lang.Object, java.lang.Object, java.lang.Object, java.lang.Object, java.lang.Object, java.lang.Object, java.lang.Object, java.lang.Object, java.lang.Object, java.lang.Object, int)'> (0x0000000088350df8) thrown at [./src/hotspot/share/interpreter/linkResolver.cpp, line 773]
Event: 27.962 Thread 0x000002c482ef6000 Exception <a 'java/lang/NoSuchMethodError'{0x000000008836f798}: 'java.lang.Object java.lang.invoke.DirectMethodHandle$Holder.invokeStatic(java.lang.Object, java.lang.Object, java.lang.Object, java.lang.Object, java.lang.Object, java.lang.Object, java.lang.Object, java.lang.Object, java.lang.Object, java.lang.Object, java.lang.Object, int, int)'> (0x000000008836f798) thrown at [./src/hotspot/share/interpreter/linkResolver.cpp, line 773]
Event: 27.964 Thread 0x000002c482ef6000 Exception <a 'java/lang/NoSuchMethodError'{0x000000008838f210}: 'java.lang.Object java.lang.invoke.DirectMethodHandle$Holder.invokeStatic(java.lang.Object, java.lang.Object, java.lang.Object, java.lang.Object, java.lang.Object, java.lang.Object, java.lang.Object, java.lang.Object, java.lang.Object, java.lang.Object, java.lang.Object, int, int, java.lang.Object)'> (0x000000008838f210) thrown at [./src/hotspot/share/interpreter/linkResolver.cpp, line 773]
Event: 27.967 Thread 0x000002c482ef6000 Exception <a 'java/lang/NoSuchMethodError'{0x00000000883b0308}: 'java.lang.Object java.lang.invoke.DirectMethodHandle$Holder.invokeStatic(java.lang.Object, java.lang.Object, java.lang.Object, java.lang.Object, java.lang.Object, java.lang.Object, java.lang.Object, java.lang.Object, java.lang.Object, java.lang.Object, java.lang.Object, int, int, java.lang.Object, java.lang.Object)'> (0x00000000883b0308) thrown at [./src/hotspot/share/interpreter/linkResolver.cpp, line 773]
Event: 27.970 Thread 0x000002c482ef6000 Exception <a 'java/lang/ClassNotFoundException'{0x00000000883df040}: groovy/lang/ExpandoMetaClassBeanInfo> (0x00000000883df040) thrown at [./src/hotspot/share/classfile/systemDictionary.cpp, line 231]
Event: 27.971 Thread 0x000002c482ef6000 Exception <a 'java/lang/ClassNotFoundException'{0x00000000883fe0d8}: groovy/lang/MetaClassImplBeanInfo> (0x00000000883fe0d8) thrown at [./src/hotspot/share/classfile/systemDictionary.cpp, line 231]
Event: 27.971 Thread 0x000002c482ef6000 Exception <a 'java/lang/ClassNotFoundException'{0x0000000088207588}: java/lang/ObjectBeanInfo> (0x0000000088207588) thrown at [./src/hotspot/share/classfile/systemDictionary.cpp, line 231]
Event: 27.972 Thread 0x000002c482ef6000 Exception <a 'java/lang/ClassNotFoundException'{0x0000000088212730}: java/lang/ObjectCustomizer> (0x0000000088212730) thrown at [./src/hotspot/share/classfile/systemDictionary.cpp, line 231]
Event: 27.979 Thread 0x000002c482ef6000 Exception <a 'java/lang/ClassNotFoundException'{0x00000000882384d0}: groovy/lang/MetaClassImplCustomizer> (0x00000000882384d0) thrown at [./src/hotspot/share/classfile/systemDictionary.cpp, line 231]
Event: 27.984 Thread 0x000002c482ef6000 Exception <a 'java/lang/ClassNotFoundException'{0x0000000088276e80}: groovy/lang/ExpandoMetaClassCustomizer> (0x0000000088276e80) thrown at [./src/hotspot/share/classfile/systemDictionary.cpp, line 231]

Events (20 events):
Event: 27.988 loading class org/codehaus/groovy/reflection/CachedField
Event: 27.988 loading class org/codehaus/groovy/reflection/CachedField done
Event: 27.989 loading class org/codehaus/groovy/util/ComplexKeyHashMap$1
Event: 27.989 loading class org/codehaus/groovy/util/ComplexKeyHashMap$1 done
Event: 27.990 loading class java/util/concurrent/locks/ReentrantReadWriteLock
Event: 27.990 loading class java/util/concurrent/locks/ReentrantReadWriteLock done
Event: 27.990 loading class org/codehaus/groovy/runtime/GroovyCategorySupport
Event: 27.990 loading class org/codehaus/groovy/runtime/GroovyCategorySupport done
Event: 27.991 loading class org/codehaus/groovy/runtime/GroovyCategorySupport$MyThreadLocal
Event: 27.991 loading class org/codehaus/groovy/runtime/GroovyCategorySupport$MyThreadLocal done
Event: 27.993 loading class groovy/lang/MetaClassRegistryChangeEvent
Event: 27.993 loading class groovy/lang/MetaClassRegistryChangeEvent done
Event: 27.993 loading class groovy/lang/MetaClassRegistryChangeEvent
Event: 27.993 loading class groovy/lang/MetaClassRegistryChangeEvent done
Event: 27.994 loading class groovy/lang/MetaClassRegistryChangeEvent
Event: 27.994 loading class groovy/lang/MetaClassRegistryChangeEvent done
Event: 27.994 loading class org/codehaus/groovy/runtime/metaclass/MetaClassRegistryImpl
Event: 27.994 loading class org/codehaus/groovy/runtime/metaclass/MetaClassRegistryImpl done
Event: 27.994 loading class org/apache/groovy/plugin/GroovyRunnerRegistry
Event: 27.994 loading class org/apache/groovy/plugin/GroovyRunnerRegistry done


Dynamic libraries:
0x00007ff7d1ef0000 - 0x00007ff7d1efa000 	C:\Program Files\Android\Android Studio1\jre\bin\java.exe
0x00007ffa08df0000 - 0x00007ffa08fe7000 	C:\WINDOWS\SYSTEM32\ntdll.dll
0x00007ffa07e20000 - 0x00007ffa07edd000 	C:\WINDOWS\System32\KERNEL32.DLL
0x00007ffa06780000 - 0x00007ffa06a4d000 	C:\WINDOWS\System32\KERNELBASE.dll
0x00007ffa06ce0000 - 0x00007ffa06de0000 	C:\WINDOWS\System32\ucrtbase.dll
0x00007ff9f0f10000 - 0x00007ff9f0f27000 	C:\Program Files\Android\Android Studio1\jre\bin\VCRUNTIME140.dll
0x00007ff9f05b0000 - 0x00007ff9f05c9000 	C:\Program Files\Android\Android Studio1\jre\bin\jli.dll
0x00007ffa07370000 - 0x00007ffa07510000 	C:\WINDOWS\System32\USER32.dll
0x00007ffa06c00000 - 0x00007ffa06c22000 	C:\WINDOWS\System32\win32u.dll
0x00007ff9f88f0000 - 0x00007ff9f8b8a000 	C:\WINDOWS\WinSxS\amd64_microsoft.windows.common-controls_6595b64144ccf1df_6.0.19041.1110_none_60b5254171f9507e\COMCTL32.dll
0x00007ffa08a10000 - 0x00007ffa08a3a000 	C:\WINDOWS\System32\GDI32.dll
0x00007ffa076c0000 - 0x00007ffa0775e000 	C:\WINDOWS\System32\msvcrt.dll
0x00007ffa06670000 - 0x00007ffa0677b000 	C:\WINDOWS\System32\gdi32full.dll
0x00007ffa06a50000 - 0x00007ffa06aed000 	C:\WINDOWS\System32\msvcp_win.dll
0x00007ffa08d80000 - 0x00007ffa08db0000 	C:\WINDOWS\System32\IMM32.DLL
0x00007ff9cd920000 - 0x00007ff9cd9bd000 	C:\Program Files\Android\Android Studio1\jre\bin\msvcp140.dll
0x00007ff9bb440000 - 0x00007ff9bbf15000 	C:\Program Files\Android\Android Studio1\jre\bin\server\jvm.dll
0x00007ffa06e50000 - 0x00007ffa06efe000 	C:\WINDOWS\System32\ADVAPI32.dll
0x00007ffa078a0000 - 0x00007ffa0793c000 	C:\WINDOWS\System32\sechost.dll
0x00007ffa088d0000 - 0x00007ffa089f5000 	C:\WINDOWS\System32\RPCRT4.dll
0x00007ffa08a00000 - 0x00007ffa08a08000 	C:\WINDOWS\System32\PSAPI.DLL
0x00007ff9f3410000 - 0x00007ff9f3437000 	C:\WINDOWS\SYSTEM32\WINMM.dll
0x00007ffa01b20000 - 0x00007ffa01b29000 	C:\WINDOWS\SYSTEM32\WSOCK32.dll
0x00007ff9fd430000 - 0x00007ff9fd43a000 	C:\WINDOWS\SYSTEM32\VERSION.dll
0x00007ffa07650000 - 0x00007ffa076bb000 	C:\WINDOWS\System32\WS2_32.dll
0x00007ffa050e0000 - 0x00007ffa050f2000 	C:\WINDOWS\SYSTEM32\kernel.appcore.dll
0x00007ff9f4690000 - 0x00007ff9f46a1000 	C:\Program Files\Android\Android Studio1\jre\bin\verify.dll
0x00007ffa04b80000 - 0x00007ffa04d64000 	C:\WINDOWS\SYSTEM32\DBGHELP.DLL
0x00007ff9ee2e0000 - 0x00007ff9ee30c000 	C:\WINDOWS\SYSTEM32\dbgcore.DLL
0x00007ffa06b40000 - 0x00007ffa06bc2000 	C:\WINDOWS\System32\bcryptPrimitives.dll
0x00007ff9f4660000 - 0x00007ff9f4689000 	C:\Program Files\Android\Android Studio1\jre\bin\java.dll
0x00007ffa01b10000 - 0x00007ffa01b1b000 	C:\Program Files\Android\Android Studio1\jre\bin\jimage.dll
0x00007ff9f4640000 - 0x00007ff9f4658000 	C:\Program Files\Android\Android Studio1\jre\bin\zip.dll
0x00007ffa08090000 - 0x00007ffa087d4000 	C:\WINDOWS\System32\SHELL32.dll
0x00007ffa04320000 - 0x00007ffa04ab4000 	C:\WINDOWS\SYSTEM32\windows.storage.dll
0x00007ffa07ac0000 - 0x00007ffa07e14000 	C:\WINDOWS\System32\combase.dll
0x00007ffa05f70000 - 0x00007ffa05f9c000 	C:\WINDOWS\SYSTEM32\Wldp.dll
0x00007ffa07510000 - 0x00007ffa075bd000 	C:\WINDOWS\System32\SHCORE.dll
0x00007ffa079b0000 - 0x00007ffa07a05000 	C:\WINDOWS\System32\shlwapi.dll
0x00007ffa06450000 - 0x00007ffa0646f000 	C:\WINDOWS\SYSTEM32\profapi.dll
0x00007ff9f4620000 - 0x00007ff9f463a000 	C:\Program Files\Android\Android Studio1\jre\bin\net.dll
0x00007ff9ffb70000 - 0x00007ff9ffc7a000 	C:\WINDOWS\SYSTEM32\WINHTTP.dll
0x00007ffa05cd0000 - 0x00007ffa05d3a000 	C:\WINDOWS\system32\mswsock.dll
0x00007ff9f4600000 - 0x00007ff9f4614000 	C:\Program Files\Android\Android Studio1\jre\bin\nio.dll
0x00007ff9edcd0000 - 0x00007ff9edcf7000 	C:\Users\adolf\gradle\native\e1d6ef7f7dcc3fd88c89a11ec53ec762bb8ba0a96d01ffa2cd45eb1d1d8dd5c5\windows-amd64\native-platform.dll
0x00007ff9c9e00000 - 0x00007ff9c9f44000 	C:\Users\adolf\gradle\native\5664cfc778a61ccfe75a443a1ab52a65af34e5dc3c78e0209fed803814484fcb\windows-amd64\native-platform-file-events.dll
0x00007ffa01a30000 - 0x00007ffa01a3a000 	C:\Program Files\Android\Android Studio1\jre\bin\management.dll
0x00007ffa01740000 - 0x00007ffa0174d000 	C:\Program Files\Android\Android Studio1\jre\bin\management_ext.dll
0x00007ffa05ec0000 - 0x00007ffa05ed8000 	C:\WINDOWS\SYSTEM32\CRYPTSP.dll
0x00007ffa055e0000 - 0x00007ffa05614000 	C:\WINDOWS\system32\rsaenh.dll
0x00007ffa06bd0000 - 0x00007ffa06bf7000 	C:\WINDOWS\System32\bcrypt.dll
0x00007ffa063d0000 - 0x00007ffa063fe000 	C:\WINDOWS\SYSTEM32\USERENV.dll
0x00007ffa05ee0000 - 0x00007ffa05eec000 	C:\WINDOWS\SYSTEM32\CRYPTBASE.dll
0x00007ffa05970000 - 0x00007ffa059ab000 	C:\WINDOWS\SYSTEM32\IPHLPAPI.DLL
0x00007ffa08d70000 - 0x00007ffa08d78000 	C:\WINDOWS\System32\NSI.dll
0x00007ff9ffb20000 - 0x00007ff9ffb37000 	C:\WINDOWS\SYSTEM32\dhcpcsvc6.DLL
0x00007ff9ffe60000 - 0x00007ff9ffe7d000 	C:\WINDOWS\SYSTEM32\dhcpcsvc.DLL
0x00007ffa059c0000 - 0x00007ffa05a8b000 	C:\WINDOWS\SYSTEM32\DNSAPI.dll

dbghelp: loaded successfully - version: 4.0.5 - missing functions: none
symbol engine: initialized successfully - sym options: 0x614 - pdb path: .;C:\Program Files\Android\Android Studio1\jre\bin;C:\WINDOWS\SYSTEM32;C:\WINDOWS\WinSxS\amd64_microsoft.windows.common-controls_6595b64144ccf1df_6.0.19041.1110_none_60b5254171f9507e;C:\Program Files\Android\Android Studio1\jre\bin\server;C:\Users\adolf\gradle\native\e1d6ef7f7dcc3fd88c89a11ec53ec762bb8ba0a96d01ffa2cd45eb1d1d8dd5c5\windows-amd64;C:\Users\adolf\gradle\native\5664cfc778a61ccfe75a443a1ab52a65af34e5dc3c78e0209fed803814484fcb\windows-amd64

VM Arguments:
jvm_args: --add-opens=java.base/java.util=ALL-UNNAMED --add-opens=java.base/java.lang=ALL-UNNAMED --add-opens=java.base/java.lang.invoke=ALL-UNNAMED --add-opens=java.base/java.util=ALL-UNNAMED --add-opens=java.prefs/java.util.prefs=ALL-UNNAMED --add-opens=java.prefs/java.util.prefs=ALL-UNNAMED --add-opens=java.base/java.nio.charset=ALL-UNNAMED --add-opens=java.base/java.net=ALL-UNNAMED --add-opens=java.base/java.util.concurrent.atomic=ALL-UNNAMED -Xmx2048m -Dfile.encoding=UTF-8 -Duser.country=ES -Duser.language=es -Duser.variant 
java_command: org.gradle.launcher.daemon.bootstrap.GradleDaemon 7.2
java_class_path (initial): C:\Users\adolf\gradle\wrapper\dists\gradle-7.2-bin\2dnblmf4td7x66yl1d74lt32g\gradle-7.2\lib\gradle-launcher-7.2.jar
Launcher Type: SUN_STANDARD

[Global flags]
     intx CICompilerCount                          = 3                                         {product} {ergonomic}
     uint ConcGCThreads                            = 1                                         {product} {ergonomic}
     uint G1ConcRefinementThreads                  = 4                                         {product} {ergonomic}
   size_t G1HeapRegionSize                         = 1048576                                   {product} {ergonomic}
    uintx GCDrainStackTargetSize                   = 64                                        {product} {ergonomic}
   size_t InitialHeapSize                          = 201326592                                 {product} {ergonomic}
   size_t MarkStackSize                            = 4194304                                   {product} {ergonomic}
   size_t MaxHeapSize                              = 2147483648                                {product} {command line}
   size_t MaxNewSize                               = 1287651328                                {product} {ergonomic}
   size_t MinHeapDeltaBytes                        = 1048576                                   {product} {ergonomic}
    uintx NonNMethodCodeHeapSize                   = 5830732                                {pd product} {ergonomic}
    uintx NonProfiledCodeHeapSize                  = 122913754                              {pd product} {ergonomic}
    uintx ProfiledCodeHeapSize                     = 122913754                              {pd product} {ergonomic}
    uintx ReservedCodeCacheSize                    = 251658240                              {pd product} {ergonomic}
     bool SegmentedCodeCache                       = true                                      {product} {ergonomic}
     bool UseCompressedClassPointers               = true                                 {lp64_product} {ergonomic}
     bool UseCompressedOops                        = true                                 {lp64_product} {ergonomic}
     bool UseG1GC                                  = true                                      {product} {ergonomic}
     bool UseLargePagesIndividualAllocation        = false                                  {pd product} {ergonomic}

Logging:
Log output configuration:
 #0: stdout all=warning uptime,level,tags
 #1: stderr all=off uptime,level,tags

Environment Variables:
PATH=C:\Program Files\Common Files\Oracle\Java\javapath;C:\Program Files (x86)\Common Files\Oracle\Java\javapath;C:\WINDOWS\system32;C:\WINDOWS;C:\WINDOWS\System32\Wbem;C:\WINDOWS\System32\WindowsPowerShell\v1.0\;C:\WINDOWS\System32\OpenSSH\;C:\Program Files (x86)\IVI Foundation\VISA\WinNT\Bin\;C:\Program Files\IVI Foundation\VISA\Win64\Bin\;C:\Program Files\Git\cmd;C:\MinGW\bin;C:\Users\adolf\AppData\Local\Microsoft\WindowsApps;C:\Users\adolf\AppData\Local\atom\bin
USERNAME=adolf
OS=Windows_NT
PROCESSOR_IDENTIFIER=Intel64 Family 6 Model 61 Stepping 4, GenuineIntel



---------------  S Y S T E M  ---------------

OS: Windows 10 , 64 bit Build 19041 (10.0.19041.1741)
OS uptime: 0 days 9:18 hours

CPU:total 4 (initial active 4) (2 cores per cpu, 2 threads per core) family 6 model 61 stepping 4 microcode 0x2d, cmov, cx8, fxsr, mmx, sse, sse2, sse3, ssse3, sse4.1, sse4.2, popcnt, avx, avx2, aes, clmul, erms, 3dnowpref, lzcnt, ht, tsc, tscinvbit, bmi1, bmi2, adx, fma

Memory: 4k page, system-wide physical 12210M (1302M free)
TotalPageFile size 49074M (AvailPageFile size 23M)
current process WorkingSet (physical memory assigned to process): 199M, peak: 203M
current process commit charge ("private bytes"): 335M, peak: 340M

vm_info: OpenJDK 64-Bit Server VM (11.0.11+9-b60-7590822) for windows-amd64 JRE (11.0.11+9-b60-7590822), built on Jul 29 2021 21:43:44 by "builder" with MS VC++ 14.0 (VS2015)

END.
